<?xml version="1.0" encoding="UTF-8"?>
<!-- Generated by org.testng.reporters.JUnitReportReporter -->
<testsuite hostname="LAPTOP-N8EPO1DQ" failures="0" tests="1" name="Academy.AppiumBasics" time="35.550" errors="0" timestamp="2022-07-20T02:22:46 BOT" skipped="0">
  <testcase classname="Academy.AppiumBasics" name="appiumTest" time="35.550"/>
  <system-out/>
</testsuite> <!-- Academy.AppiumBasics -->
