<?xml version="1.0" encoding="UTF-8"?>
<!-- Generated by org.testng.reporters.JUnitReportReporter -->
<testsuite hostname="LAPTOP-N8EPO1DQ" failures="0" tests="1" name="Academy.AppiumBasics" time="23.163" errors="0" timestamp="2022-07-20T03:04:21 BOT" skipped="0">
  <testcase classname="Academy.AppiumBasics" name="appiumTest" time="23.163"/>
  <system-out/>
</testsuite> <!-- Academy.AppiumBasics -->
