<?xml version="1.0" encoding="UTF-8"?>
<!-- Generated by org.testng.reporters.JUnitReportReporter -->
<testsuite hostname="LAPTOP-N8EPO1DQ" failures="0" tests="1" name="Academy.AppiumBasics" time="47.079" errors="0" timestamp="2022-07-20T21:58:16 BOT" skipped="0">
  <testcase classname="Academy.AppiumBasics" name="wifiSettingsName" time="47.079"/>
  <system-out/>
</testsuite> <!-- Academy.AppiumBasics -->
